<?xml version="1.0" encoding="UTF-8"?>
<!-- Generated by org.testng.reporters.JUnitReportReporter -->
<testsuite hostname="LAPTOP-425OC920" failures="0" tests="23" name="com.mvn.MainTest" time="20.104" errors="0" timestamp="2024-11-11T18:16:14 IST" skipped="22">
  <testcase classname="com.mvn.MainTest" name="selectMenuDetails" time="20.104"/>
  <testcase classname="com.mvn.MainTest" name="modalDiologsDetails">
    <skipped/>
  </testcase> <!-- modalDiologsDetails -->
  <testcase classname="com.mvn.MainTest" name="webtableDetails">
    <skipped/>
  </testcase> <!-- webtableDetails -->
  <testcase classname="com.mvn.MainTest" name="radioButtonDetails">
    <skipped/>
  </testcase> <!-- radioButtonDetails -->
  <testcase classname="com.mvn.MainTest" name="autoCompleteDetails">
    <skipped/>
  </testcase> <!-- autoCompleteDetails -->
  <testcase classname="com.mvn.MainTest" name="tabDetails">
    <skipped/>
  </testcase> <!-- tabDetails -->
  <testcase classname="com.mvn.MainTest" name="buttonsDetails">
    <skipped/>
  </testcase> <!-- buttonsDetails -->
  <testcase classname="com.mvn.MainTest" name="sliderDetails">
    <skipped/>
  </testcase> <!-- sliderDetails -->
  <testcase classname="com.mvn.MainTest" name="checkboxDetails">
    <skipped/>
  </testcase> <!-- checkboxDetails -->
  <testcase classname="com.mvn.MainTest" name="dynamicDetails">
    <skipped/>
  </testcase> <!-- dynamicDetails -->
  <testcase classname="com.mvn.MainTest" name="formDetails">
    <skipped/>
  </testcase> <!-- formDetails -->
  <testcase classname="com.mvn.MainTest" name="alertsDetails">
    <skipped/>
  </testcase> <!-- alertsDetails -->
  <testcase classname="com.mvn.MainTest" name="toolTipsDetails">
    <skipped/>
  </testcase> <!-- toolTipsDetails -->
  <testcase classname="com.mvn.MainTest" name="browserWindowsDetails">
    <skipped/>
  </testcase> <!-- browserWindowsDetails -->
  <testcase classname="com.mvn.MainTest" name="menuDetails">
    <skipped/>
  </testcase> <!-- menuDetails -->
  <testcase classname="com.mvn.MainTest" name="uploadDownloadDetails">
    <skipped/>
  </testcase> <!-- uploadDownloadDetails -->
  <testcase classname="com.mvn.MainTest" name="progressbarDetails">
    <skipped/>
  </testcase> <!-- progressbarDetails -->
  <testcase classname="com.mvn.MainTest" name="dataPickerDetails">
    <skipped/>
  </testcase> <!-- dataPickerDetails -->
  <testcase classname="com.mvn.MainTest" name="linksDetails">
    <skipped/>
  </testcase> <!-- linksDetails -->
  <testcase classname="com.mvn.MainTest" name="framesDetails">
    <skipped/>
  </testcase> <!-- framesDetails -->
  <testcase classname="com.mvn.MainTest" name="brokenlinksDetails">
    <skipped/>
  </testcase> <!-- brokenlinksDetails -->
  <testcase classname="com.mvn.MainTest" name="textBoxDetails">
    <skipped/>
  </testcase> <!-- textBoxDetails -->
  <testcase classname="com.mvn.MainTest" name="accordianDetails">
    <skipped/>
  </testcase> <!-- accordianDetails -->
</testsuite> <!-- com.mvn.MainTest -->
